Started GET "/" for 127.0.0.1 at 2026-07-03 20:22:25 +0000
  [1m[35m (2.0ms)[0m  [1m[35mCREATE TABLE "schema_migrations" ("version" varchar NOT NULL PRIMARY KEY) /*application='Backend'*/[0m
  [1m[35m (0.2ms)[0m  [1m[35mCREATE TABLE "ar_internal_metadata" ("key" varchar NOT NULL PRIMARY KEY, "value" varchar, "created_at" datetime(6) NOT NULL, "updated_at" datetime(6) NOT NULL) /*application='Backend'*/[0m
  [1m[36mActiveRecord::SchemaMigration Load (0.2ms)[0m  [1m[34mSELECT "schema_migrations"."version" FROM "schema_migrations" ORDER BY "schema_migrations"."version" ASC /*application='Backend'*/[0m
Processing by Rails::WelcomeController#index as HTML
  Rendering /home/himanshu/.rbenv/versions/3.4.1/lib/ruby/gems/3.4.0/gems/railties-8.1.3/lib/rails/templates/rails/welcome/index.html.erb
  Rendered /home/himanshu/.rbenv/versions/3.4.1/lib/ruby/gems/3.4.0/gems/railties-8.1.3/lib/rails/templates/rails/welcome/index.html.erb (Duration: 1.4ms | GC: 0.9ms)
Completed 200 OK in 25ms (Views: 7.2ms | ActiveRecord: 0.0ms (0 queries, 0 cached) | GC: 12.3ms)


Started GET "/icon.png" for 127.0.0.1 at 2026-07-03 20:22:25 +0000
  
ActionController::RoutingError (No route matches [GET] "/icon.png"):
  
Started GET "/" for 127.0.0.1 at 2026-07-03 20:22:30 +0000
Processing by Rails::WelcomeController#index as HTML
  Rendering /home/himanshu/.rbenv/versions/3.4.1/lib/ruby/gems/3.4.0/gems/railties-8.1.3/lib/rails/templates/rails/welcome/index.html.erb
  Rendered /home/himanshu/.rbenv/versions/3.4.1/lib/ruby/gems/3.4.0/gems/railties-8.1.3/lib/rails/templates/rails/welcome/index.html.erb (Duration: 0.1ms | GC: 0.0ms)
Completed 200 OK in 1ms (Views: 0.6ms | ActiveRecord: 0.0ms (0 queries, 0 cached) | GC: 0.0ms)


Started GET "/" for 127.0.0.1 at 2026-07-03 20:54:32 +0000
  [1m[36mActiveRecord::SchemaMigration Load (0.1ms)[0m  [1m[34mSELECT "schema_migrations"."version" FROM "schema_migrations" ORDER BY "schema_migrations"."version" ASC /*application='Backend'*/[0m
  
ArgumentError (Route `resource :races` - :only and :except must include only [:show, :create, :update, :destroy, :new, :edit], but also included [:index]):
  
config/routes.rb:5:in 'block (3 levels) in <compiled>'
config/routes.rb:4:in 'block (2 levels) in <compiled>'
config/routes.rb:3:in 'block in <compiled>'
config/routes.rb:1:in '<compiled>'
Started GET "/favicon.ico" for 127.0.0.1 at 2026-07-03 20:54:33 +0000
  
ActionController::RoutingError (No route matches [GET] "/favicon.ico"):
  
Started GET "/" for 127.0.0.1 at 2026-07-03 21:01:42 +0000
Processing by Rails::WelcomeController#index as HTML
  Rendering /home/himanshu/.rbenv/versions/3.4.1/lib/ruby/gems/3.4.0/gems/railties-8.1.3/lib/rails/templates/rails/welcome/index.html.erb
  Rendered /home/himanshu/.rbenv/versions/3.4.1/lib/ruby/gems/3.4.0/gems/railties-8.1.3/lib/rails/templates/rails/welcome/index.html.erb (Duration: 0.6ms | GC: 0.0ms)
Completed 200 OK in 6ms (Views: 1.8ms | ActiveRecord: 0.0ms (0 queries, 0 cached) | GC: 0.0ms)


Started GET "/" for 127.0.0.1 at 2026-07-03 21:09:53 +0000
  [1m[36mActiveRecord::SchemaMigration Load (0.2ms)[0m  [1m[34mSELECT "schema_migrations"."version" FROM "schema_migrations" ORDER BY "schema_migrations"."version" ASC /*application='Backend'*/[0m
Processing by Rails::WelcomeController#index as HTML
  Rendering /home/himanshu/.rbenv/versions/3.4.1/lib/ruby/gems/3.4.0/gems/railties-8.1.3/lib/rails/templates/rails/welcome/index.html.erb
  Rendered /home/himanshu/.rbenv/versions/3.4.1/lib/ruby/gems/3.4.0/gems/railties-8.1.3/lib/rails/templates/rails/welcome/index.html.erb (Duration: 0.6ms | GC: 0.0ms)
Completed 200 OK in 13ms (Views: 3.9ms | ActiveRecord: 0.0ms (0 queries, 0 cached) | GC: 0.0ms)


Started GET "/api/v1/calendar" for 127.0.0.1 at 2026-07-03 21:10:06 +0000
Processing by Api::V1::CalendarController#index as HTML
Completed 200 OK in 1692ms (Views: 0.5ms | ActiveRecord: 0.0ms (0 queries, 0 cached) | GC: 0.0ms)


Started GET "/favicon.ico" for 127.0.0.1 at 2026-07-03 21:10:08 +0000
  
ActionController::RoutingError (No route matches [GET] "/favicon.ico"):
  
Started GET "/api/v1/races" for 127.0.0.1 at 2026-07-03 21:10:23 +0000
Processing by Api::V1::RacesController#index as HTML
Completed 200 OK in 1944ms (Views: 0.2ms | ActiveRecord: 0.0ms (0 queries, 0 cached) | GC: 0.0ms)


Started GET "/favicon.ico" for 127.0.0.1 at 2026-07-03 21:10:25 +0000
  
ActionController::RoutingError (No route matches [GET] "/favicon.ico"):
  
Started GET "/api/v1/standing" for 127.0.0.1 at 2026-07-03 21:10:34 +0000
  
ActionController::RoutingError (No route matches [GET] "/api/v1/standing"):
  
Started GET "/api/v1/standings" for 127.0.0.1 at 2026-07-03 21:10:55 +0000
Processing by Api::V1::StandingsController#index as HTML
Completed 200 OK in 2320ms (Views: 0.3ms | ActiveRecord: 0.0ms (0 queries, 0 cached) | GC: 0.0ms)


Started GET "/favicon.ico" for 127.0.0.1 at 2026-07-03 21:10:57 +0000
  
ActionController::RoutingError (No route matches [GET] "/favicon.ico"):
  
